<?xml version="1.0" encoding="UTF-8"?>
<!-- Generated by org.testng.reporters.JUnitReportReporter -->
<testsuite hostname="DESKTOP-AELALK6" failures="0" tests="3" name="TestNG.NewTestNG" time="0.016" errors="0" timestamp="2024-01-27T08:41:21 EST" skipped="0">
  <testcase classname="TestNG.NewTestNG" name="Test2" time="0.012"/>
  <system-out/>
  <testcase classname="TestNG.NewTestNG" name="Test1" time="0.003"/>
  <system-out/>
  <testcase classname="TestNG.NewTestNG" name="Test3" time="0.001"/>
  <system-out/>
</testsuite> <!-- TestNG.NewTestNG -->
