<?xml version="1.0" encoding="UTF-8"?>
<!-- Generated by org.testng.reporters.JUnitReportReporter -->
<testsuite hostname="DESKTOP-AELALK6" failures="0" tests="2" name="TestNG.SampleTestNG" time="0.022" errors="0" timestamp="2024-05-29T07:29:05 IST" skipped="0">
  <testcase classname="TestNG.SampleTestNG" name="Test2" time="0.017"/>
  <system-out/>
  <testcase classname="TestNG.SampleTestNG" name="Test1" time="0.005"/>
  <system-out/>
</testsuite> <!-- TestNG.SampleTestNG -->
