<?xml version="1.0" encoding="UTF-8"?>
<!-- Generated by org.testng.reporters.JUnitReportReporter -->
<testsuite hostname="DESKTOP-AELALK6" failures="0" tests="3" name="TestNG.dependstestNG" time="0.057" errors="0" timestamp="2024-05-29T07:45:17 IST" skipped="0">
  <testcase classname="TestNG.dependstestNG" name="sendEmail" time="0.007"/>
  <system-out/>
  <testcase classname="TestNG.dependstestNG" name="createAccount" time="0.021"/>
  <system-out/>
  <testcase classname="TestNG.dependstestNG" name="login" time="0.029"/>
  <system-out/>
</testsuite> <!-- TestNG.dependstestNG -->
