<?xml version="1.0" encoding="UTF-8"?>
<!-- Generated by org.testng.reporters.JUnitReportReporter -->
<testsuite hostname="DESKTOP-AELALK6" failures="0" tests="4" name="TestNG.prioritytestNG" time="0.043" errors="0" timestamp="2024-05-29T07:41:28 IST" skipped="0">
  <testcase classname="TestNG.prioritytestNG" name="sendEmail" time="0.004"/>
  <system-out/>
  <testcase classname="TestNG.prioritytestNG" name="Sanity1" time="0.029"/>
  <system-out/>
  <testcase classname="TestNG.prioritytestNG" name="Sanity2" time="0.006"/>
  <system-out/>
  <testcase classname="TestNG.prioritytestNG" name="create" time="0.004"/>
  <system-out/>
</testsuite> <!-- TestNG.prioritytestNG -->
